{"C:\\Users\\Muhammad Lokman\\movieapp\\server\\db.js": {"path":"C:\\Users\\Muhammad Lokman\\movieapp\\server\\db.js","statementMap":{"0":{"start":{"line":1,"column":14},"end":{"line":1,"column":31}},"1":{"start":{"line":2,"column":0},"end":{"line":2,"column":27}},"2":{"start":{"line":5,"column":19},"end":{"line":10,"column":2}},"3":{"start":{"line":13,"column":0},"end":{"line":19,"column":3}},"4":{"start":{"line":14,"column":2},"end":{"line":17,"column":3}},"5":{"start":{"line":15,"column":4},"end":{"line":15,"column":66}},"6":{"start":{"line":16,"column":4},"end":{"line":16,"column":11}},"7":{"start":{"line":18,"column":2},"end":{"line":18,"column":45}},"8":{"start":{"line":21,"column":0},"end":{"line":21,"column":28}}},"fnMap":{"0":{"name":"(anonymous_0)","decl":{"start":{"line":13,"column":19},"end":{"line":13,"column":20}},"loc":{"start":{"line":13,"column":28},"end":{"line":19,"column":1}},"line":13}},"branchMap":{"0":{"loc":{"start":{"line":14,"column":2},"end":{"line":17,"column":3}},"type":"if","locations":[{"start":{"line":14,"column":2},"end":{"line":17,"column":3}},{"start":{},"end":{}}],"line":14}},"s":{"0":3,"1":3,"2":3,"3":3,"4":3,"5":0,"6":0,"7":3,"8":3},"f":{"0":3},"b":{"0":[0,3]},"_coverageSchema":"1a1c01bbd47fc00a2c39e90264f33305004495a9","hash":"4d0be6557f8f60f191815a756557f0563d611ada"}
,"C:\\Users\\Muhammad Lokman\\movieapp\\server\\index.js": {"path":"C:\\Users\\Muhammad Lokman\\movieapp\\server\\index.js","statementMap":{"0":{"start":{"line":1,"column":16},"end":{"line":1,"column":34}},"1":{"start":{"line":2,"column":0},"end":{"line":2,"column":27}},"2":{"start":{"line":5,"column":19},"end":{"line":5,"column":49}},"3":{"start":{"line":6,"column":20},"end":{"line":6,"column":51}},"4":{"start":{"line":8,"column":12},"end":{"line":8,"column":21}},"5":{"start":{"line":11,"column":0},"end":{"line":11,"column":24}},"6":{"start":{"line":14,"column":0},"end":{"line":14,"column":33}},"7":{"start":{"line":15,"column":0},"end":{"line":15,"column":29}},"8":{"start":{"line":18,"column":0},"end":{"line":18,"column":21}},"9":{"start":{"line":21,"column":0},"end":{"line":26,"column":1}},"10":{"start":{"line":22,"column":15},"end":{"line":22,"column":39}},"11":{"start":{"line":23,"column":2},"end":{"line":25,"column":5}},"12":{"start":{"line":24,"column":4},"end":{"line":24,"column":50}}},"fnMap":{"0":{"name":"(anonymous_0)","decl":{"start":{"line":23,"column":19},"end":{"line":23,"column":20}},"loc":{"start":{"line":23,"column":25},"end":{"line":25,"column":3}},"line":23}},"branchMap":{"0":{"loc":{"start":{"line":21,"column":0},"end":{"line":26,"column":1}},"type":"if","locations":[{"start":{"line":21,"column":0},"end":{"line":26,"column":1}},{"start":{},"end":{}}],"line":21},"1":{"loc":{"start":{"line":22,"column":15},"end":{"line":22,"column":39}},"type":"binary-expr","locations":[{"start":{"line":22,"column":15},"end":{"line":22,"column":31}},{"start":{"line":22,"column":35},"end":{"line":22,"column":39}}],"line":22}},"s":{"0":3,"1":3,"2":3,"3":3,"4":3,"5":3,"6":3,"7":3,"8":3,"9":3,"10":0,"11":0,"12":0},"f":{"0":0},"b":{"0":[0,3],"1":[0,0]},"_coverageSchema":"1a1c01bbd47fc00a2c39e90264f33305004495a9","hash":"a8fc32f959e67f7aa0b397c14d3de3be09a98166"}
,"C:\\Users\\Muhammad Lokman\\movieapp\\server\\middleware\\verifyToken.js": {"path":"C:\\Users\\Muhammad Lokman\\movieapp\\server\\middleware\\verifyToken.js","statementMap":{"0":{"start":{"line":1,"column":12},"end":{"line":1,"column":35}},"1":{"start":{"line":2,"column":14},"end":{"line":2,"column":30}},"2":{"start":{"line":3,"column":13},"end":{"line":3,"column":33}},"3":{"start":{"line":6,"column":16},"end":{"line":6,"column":139}},"4":{"start":{"line":8,"column":20},"end":{"line":53,"column":1}},"5":{"start":{"line":9,"column":16},"end":{"line":9,"column":56}},"6":{"start":{"line":11,"column":2},"end":{"line":13,"column":3}},"7":{"start":{"line":12,"column":4},"end":{"line":12,"column":69}},"8":{"start":{"line":15,"column":2},"end":{"line":52,"column":3}},"9":{"start":{"line":17,"column":25},"end":{"line":17,"column":62}},"10":{"start":{"line":18,"column":16},"end":{"line":18,"column":39}},"11":{"start":{"line":21,"column":21},"end":{"line":21,"column":45}},"12":{"start":{"line":22,"column":17},"end":{"line":22,"column":35}},"13":{"start":{"line":23,"column":16},"end":{"line":23,"column":45}},"14":{"start":{"line":23,"column":31},"end":{"line":23,"column":44}},"15":{"start":{"line":25,"column":4},"end":{"line":27,"column":5}},"16":{"start":{"line":26,"column":6},"end":{"line":26,"column":64}},"17":{"start":{"line":30,"column":16},"end":{"line":34,"column":5}},"18":{"start":{"line":37,"column":21},"end":{"line":37,"column":46}},"19":{"start":{"line":38,"column":19},"end":{"line":38,"column":50}},"20":{"start":{"line":39,"column":22},"end":{"line":39,"column":36}},"21":{"start":{"line":42,"column":4},"end":{"line":48,"column":7}},"22":{"start":{"line":43,"column":6},"end":{"line":45,"column":7}},"23":{"start":{"line":44,"column":8},"end":{"line":44,"column":78}},"24":{"start":{"line":46,"column":6},"end":{"line":46,"column":25}},"25":{"start":{"line":47,"column":6},"end":{"line":47,"column":13}},"26":{"start":{"line":50,"column":4},"end":{"line":50,"column":54}},"27":{"start":{"line":51,"column":4},"end":{"line":51,"column":70}},"28":{"start":{"line":55,"column":0},"end":{"line":55,"column":29}}},"fnMap":{"0":{"name":"(anonymous_0)","decl":{"start":{"line":8,"column":20},"end":{"line":8,"column":21}},"loc":{"start":{"line":8,"column":46},"end":{"line":53,"column":1}},"line":8},"1":{"name":"(anonymous_1)","decl":{"start":{"line":23,"column":26},"end":{"line":23,"column":27}},"loc":{"start":{"line":23,"column":31},"end":{"line":23,"column":44}},"line":23},"2":{"name":"(anonymous_2)","decl":{"start":{"line":42,"column":60},"end":{"line":42,"column":61}},"loc":{"start":{"line":42,"column":78},"end":{"line":48,"column":5}},"line":42}},"branchMap":{"0":{"loc":{"start":{"line":11,"column":2},"end":{"line":13,"column":3}},"type":"if","locations":[{"start":{"line":11,"column":2},"end":{"line":13,"column":3}},{"start":{},"end":{}}],"line":11},"1":{"loc":{"start":{"line":25,"column":4},"end":{"line":27,"column":5}},"type":"if","locations":[{"start":{"line":25,"column":4},"end":{"line":27,"column":5}},{"start":{},"end":{}}],"line":25},"2":{"loc":{"start":{"line":43,"column":6},"end":{"line":45,"column":7}},"type":"if","locations":[{"start":{"line":43,"column":6},"end":{"line":45,"column":7}},{"start":{},"end":{}}],"line":43}},"s":{"0":3,"1":3,"2":3,"3":3,"4":3,"5":12,"6":12,"7":4,"8":8,"9":8,"10":8,"11":8,"12":8,"13":8,"14":8,"15":8,"16":0,"17":8,"18":8,"19":8,"20":8,"21":8,"22":8,"23":0,"24":8,"25":8,"26":0,"27":0,"28":3},"f":{"0":12,"1":8,"2":8},"b":{"0":[4,8],"1":[0,8],"2":[0,8]},"_coverageSchema":"1a1c01bbd47fc00a2c39e90264f33305004495a9","hash":"59ba58921a6f12e128a6b8a3f1ca613d03b74520"}
,"C:\\Users\\Muhammad Lokman\\movieapp\\server\\routes\\authRoutes.js": {"path":"C:\\Users\\Muhammad Lokman\\movieapp\\server\\routes\\authRoutes.js","statementMap":{"0":{"start":{"line":1,"column":16},"end":{"line":1,"column":34}},"1":{"start":{"line":2,"column":12},"end":{"line":2,"column":30}},"2":{"start":{"line":3,"column":15},"end":{"line":3,"column":31}},"3":{"start":{"line":4,"column":19},"end":{"line":4,"column":35}},"4":{"start":{"line":5,"column":18},"end":{"line":5,"column":38}},"5":{"start":{"line":6,"column":18},"end":{"line":6,"column":47}},"6":{"start":{"line":8,"column":0},"end":{"line":8,"column":54}},"7":{"start":{"line":11,"column":16},"end":{"line":11,"column":56}},"8":{"start":{"line":14,"column":22},"end":{"line":18,"column":2}},"9":{"start":{"line":21,"column":21},"end":{"line":25,"column":2}},"10":{"start":{"line":28,"column":0},"end":{"line":86,"column":3}},"11":{"start":{"line":29,"column":40},"end":{"line":29,"column":48}},"12":{"start":{"line":32,"column":23},"end":{"line":32,"column":65}},"13":{"start":{"line":33,"column":20},"end":{"line":33,"column":51}},"14":{"start":{"line":35,"column":2},"end":{"line":39,"column":3}},"15":{"start":{"line":36,"column":4},"end":{"line":38,"column":7}},"16":{"start":{"line":42,"column":17},"end":{"line":56,"column":3}},"17":{"start":{"line":58,"column":2},"end":{"line":85,"column":3}},"18":{"start":{"line":60,"column":19},"end":{"line":60,"column":57}},"19":{"start":{"line":63,"column":20},"end":{"line":63,"column":34}},"20":{"start":{"line":66,"column":18},"end":{"line":66,"column":97}},"21":{"start":{"line":67,"column":4},"end":{"line":79,"column":7}},"22":{"start":{"line":68,"column":6},"end":{"line":73,"column":7}},"23":{"start":{"line":69,"column":8},"end":{"line":72,"column":11}},"24":{"start":{"line":75,"column":6},"end":{"line":78,"column":9}},"25":{"start":{"line":81,"column":4},"end":{"line":84,"column":7}},"26":{"start":{"line":89,"column":0},"end":{"line":126,"column":3}},"27":{"start":{"line":90,"column":30},"end":{"line":90,"column":38}},"28":{"start":{"line":92,"column":17},"end":{"line":99,"column":3}},"29":{"start":{"line":101,"column":2},"end":{"line":125,"column":3}},"30":{"start":{"line":102,"column":19},"end":{"line":102,"column":63}},"31":{"start":{"line":104,"column":4},"end":{"line":110,"column":5}},"32":{"start":{"line":106,"column":6},"end":{"line":109,"column":9}},"33":{"start":{"line":113,"column":4},"end":{"line":117,"column":7}},"34":{"start":{"line":120,"column":4},"end":{"line":120,"column":49}},"35":{"start":{"line":121,"column":4},"end":{"line":124,"column":7}},"36":{"start":{"line":129,"column":0},"end":{"line":150,"column":5}},"37":{"start":{"line":130,"column":28},"end":{"line":130,"column":36}},"38":{"start":{"line":132,"column":19},"end":{"line":136,"column":5}},"39":{"start":{"line":138,"column":4},"end":{"line":149,"column":5}},"40":{"start":{"line":139,"column":21},"end":{"line":139,"column":66}},"41":{"start":{"line":140,"column":6},"end":{"line":143,"column":9}},"42":{"start":{"line":145,"column":6},"end":{"line":148,"column":9}},"43":{"start":{"line":152,"column":0},"end":{"line":152,"column":24}}},"fnMap":{"0":{"name":"(anonymous_0)","decl":{"start":{"line":28,"column":38},"end":{"line":28,"column":39}},"loc":{"start":{"line":28,"column":58},"end":{"line":86,"column":1}},"line":28},"1":{"name":"(anonymous_1)","decl":{"start":{"line":67,"column":64},"end":{"line":67,"column":65}},"loc":{"start":{"line":67,"column":73},"end":{"line":79,"column":5}},"line":67},"2":{"name":"(anonymous_2)","decl":{"start":{"line":89,"column":35},"end":{"line":89,"column":36}},"loc":{"start":{"line":89,"column":55},"end":{"line":126,"column":1}},"line":89},"3":{"name":"(anonymous_3)","decl":{"start":{"line":129,"column":29},"end":{"line":129,"column":30}},"loc":{"start":{"line":129,"column":49},"end":{"line":150,"column":3}},"line":129}},"branchMap":{"0":{"loc":{"start":{"line":35,"column":2},"end":{"line":39,"column":3}},"type":"if","locations":[{"start":{"line":35,"column":2},"end":{"line":39,"column":3}},{"start":{},"end":{}}],"line":35},"1":{"loc":{"start":{"line":68,"column":6},"end":{"line":73,"column":7}},"type":"if","locations":[{"start":{"line":68,"column":6},"end":{"line":73,"column":7}},{"start":{},"end":{}}],"line":68},"2":{"loc":{"start":{"line":104,"column":4},"end":{"line":110,"column":5}},"type":"if","locations":[{"start":{"line":104,"column":4},"end":{"line":110,"column":5}},{"start":{},"end":{}}],"line":104},"3":{"loc":{"start":{"line":123,"column":13},"end":{"line":123,"column":68}},"type":"binary-expr","locations":[{"start":{"line":123,"column":13},"end":{"line":123,"column":26}},{"start":{"line":123,"column":30},"end":{"line":123,"column":68}}],"line":123}},"s":{"0":3,"1":3,"2":3,"3":3,"4":3,"5":3,"6":3,"7":3,"8":3,"9":3,"10":3,"11":3,"12":3,"13":3,"14":3,"15":1,"16":2,"17":2,"18":2,"19":1,"20":1,"21":1,"22":1,"23":0,"24":1,"25":1,"26":3,"27":5,"28":5,"29":5,"30":5,"31":3,"32":0,"33":3,"34":2,"35":2,"36":3,"37":0,"38":0,"39":0,"40":0,"41":0,"42":0,"43":3},"f":{"0":3,"1":1,"2":5,"3":0},"b":{"0":[1,2],"1":[0,1],"2":[0,3],"3":[2,0]},"_coverageSchema":"1a1c01bbd47fc00a2c39e90264f33305004495a9","hash":"a395373984e5a0f132f58ed22ad3ce58e829ff83"}
,"C:\\Users\\Muhammad Lokman\\movieapp\\server\\routes\\movieRoutes.js": {"path":"C:\\Users\\Muhammad Lokman\\movieapp\\server\\routes\\movieRoutes.js","statementMap":{"0":{"start":{"line":1,"column":16},"end":{"line":1,"column":34}},"1":{"start":{"line":2,"column":14},"end":{"line":2,"column":30}},"2":{"start":{"line":3,"column":14},"end":{"line":3,"column":30}},"3":{"start":{"line":4,"column":20},"end":{"line":4,"column":56}},"4":{"start":{"line":5,"column":19},"end":{"line":5,"column":35}},"5":{"start":{"line":6,"column":15},"end":{"line":6,"column":31}},"6":{"start":{"line":7,"column":18},"end":{"line":7,"column":38}},"7":{"start":{"line":10,"column":20},"end":{"line":13,"column":2}},"8":{"start":{"line":16,"column":0},"end":{"line":18,"column":3}},"9":{"start":{"line":17,"column":2},"end":{"line":17,"column":51}},"10":{"start":{"line":21,"column":30},"end":{"line":40,"column":1}},"11":{"start":{"line":22,"column":18},"end":{"line":22,"column":30}},"12":{"start":{"line":24,"column":16},"end":{"line":24,"column":59}},"13":{"start":{"line":25,"column":2},"end":{"line":39,"column":5}},"14":{"start":{"line":26,"column":4},"end":{"line":31,"column":5}},"15":{"start":{"line":27,"column":6},"end":{"line":30,"column":9}},"16":{"start":{"line":33,"column":4},"end":{"line":35,"column":5}},"17":{"start":{"line":34,"column":6},"end":{"line":34,"column":81}},"18":{"start":{"line":37,"column":4},"end":{"line":37,"column":31}},"19":{"start":{"line":38,"column":4},"end":{"line":38,"column":11}},"20":{"start":{"line":43,"column":36},"end":{"line":75,"column":1}},"21":{"start":{"line":44,"column":2},"end":{"line":74,"column":5}},"22":{"start":{"line":45,"column":18},"end":{"line":45,"column":53}},"23":{"start":{"line":46,"column":4},"end":{"line":73,"column":7}},"24":{"start":{"line":47,"column":6},"end":{"line":49,"column":7}},"25":{"start":{"line":48,"column":8},"end":{"line":48,"column":55}},"26":{"start":{"line":51,"column":6},"end":{"line":53,"column":7}},"27":{"start":{"line":52,"column":8},"end":{"line":52,"column":35}},"28":{"start":{"line":55,"column":6},"end":{"line":72,"column":7}},"29":{"start":{"line":57,"column":20},"end":{"line":57,"column":103}},"30":{"start":{"line":58,"column":25},"end":{"line":58,"column":45}},"31":{"start":{"line":59,"column":26},"end":{"line":59,"column":39}},"32":{"start":{"line":62,"column":28},"end":{"line":62,"column":119}},"33":{"start":{"line":63,"column":8},"end":{"line":69,"column":11}},"34":{"start":{"line":64,"column":10},"end":{"line":66,"column":11}},"35":{"start":{"line":65,"column":12},"end":{"line":65,"column":61}},"36":{"start":{"line":68,"column":10},"end":{"line":68,"column":29}},"37":{"start":{"line":71,"column":8},"end":{"line":71,"column":49}},"38":{"start":{"line":78,"column":0},"end":{"line":110,"column":3}},"39":{"start":{"line":79,"column":16},"end":{"line":79,"column":27}},"40":{"start":{"line":81,"column":2},"end":{"line":86,"column":3}},"41":{"start":{"line":83,"column":4},"end":{"line":85,"column":7}},"42":{"start":{"line":89,"column":20},"end":{"line":89,"column":59}},"43":{"start":{"line":91,"column":2},"end":{"line":109,"column":3}},"44":{"start":{"line":93,"column":22},"end":{"line":93,"column":72}},"45":{"start":{"line":94,"column":4},"end":{"line":96,"column":5}},"46":{"start":{"line":95,"column":6},"end":{"line":95,"column":57}},"47":{"start":{"line":99,"column":16},"end":{"line":99,"column":114}},"48":{"start":{"line":100,"column":21},"end":{"line":100,"column":41}},"49":{"start":{"line":103,"column":4},"end":{"line":103,"column":94}},"50":{"start":{"line":105,"column":4},"end":{"line":105,"column":40}},"51":{"start":{"line":107,"column":4},"end":{"line":107,"column":55}},"52":{"start":{"line":108,"column":4},"end":{"line":108,"column":67}},"53":{"start":{"line":113,"column":0},"end":{"line":134,"column":3}},"54":{"start":{"line":114,"column":22},"end":{"line":114,"column":32}},"55":{"start":{"line":117,"column":20},"end":{"line":117,"column":63}},"56":{"start":{"line":118,"column":2},"end":{"line":120,"column":3}},"57":{"start":{"line":119,"column":4},"end":{"line":119,"column":55}},"58":{"start":{"line":122,"column":2},"end":{"line":133,"column":3}},"59":{"start":{"line":124,"column":18},"end":{"line":124,"column":65}},"60":{"start":{"line":127,"column":4},"end":{"line":127,"column":79}},"61":{"start":{"line":129,"column":4},"end":{"line":129,"column":32}},"62":{"start":{"line":131,"column":4},"end":{"line":131,"column":25}},"63":{"start":{"line":132,"column":4},"end":{"line":132,"column":70}},"64":{"start":{"line":137,"column":0},"end":{"line":161,"column":3}},"65":{"start":{"line":138,"column":22},"end":{"line":138,"column":30}},"66":{"start":{"line":139,"column":17},"end":{"line":139,"column":33}},"67":{"start":{"line":141,"column":2},"end":{"line":160,"column":3}},"68":{"start":{"line":143,"column":4},"end":{"line":143,"column":52}},"69":{"start":{"line":146,"column":18},"end":{"line":146,"column":88}},"70":{"start":{"line":147,"column":4},"end":{"line":156,"column":7}},"71":{"start":{"line":148,"column":6},"end":{"line":153,"column":7}},"72":{"start":{"line":149,"column":8},"end":{"line":152,"column":11}},"73":{"start":{"line":155,"column":6},"end":{"line":155,"column":82}},"74":{"start":{"line":158,"column":4},"end":{"line":158,"column":25}},"75":{"start":{"line":159,"column":4},"end":{"line":159,"column":73}},"76":{"start":{"line":164,"column":0},"end":{"line":182,"column":3}},"77":{"start":{"line":165,"column":17},"end":{"line":165,"column":33}},"78":{"start":{"line":167,"column":16},"end":{"line":170,"column":33}},"79":{"start":{"line":172,"column":2},"end":{"line":181,"column":5}},"80":{"start":{"line":173,"column":4},"end":{"line":178,"column":5}},"81":{"start":{"line":174,"column":6},"end":{"line":177,"column":9}},"82":{"start":{"line":180,"column":4},"end":{"line":180,"column":34}},"83":{"start":{"line":185,"column":0},"end":{"line":219,"column":3}},"84":{"start":{"line":186,"column":22},"end":{"line":186,"column":32}},"85":{"start":{"line":187,"column":17},"end":{"line":187,"column":33}},"86":{"start":{"line":190,"column":21},"end":{"line":190,"column":82}},"87":{"start":{"line":191,"column":2},"end":{"line":218,"column":5}},"88":{"start":{"line":192,"column":4},"end":{"line":197,"column":5}},"89":{"start":{"line":193,"column":6},"end":{"line":196,"column":9}},"90":{"start":{"line":199,"column":4},"end":{"line":204,"column":5}},"91":{"start":{"line":201,"column":6},"end":{"line":203,"column":9}},"92":{"start":{"line":207,"column":24},"end":{"line":207,"column":83}},"93":{"start":{"line":208,"column":4},"end":{"line":217,"column":7}},"94":{"start":{"line":209,"column":6},"end":{"line":214,"column":7}},"95":{"start":{"line":210,"column":8},"end":{"line":213,"column":11}},"96":{"start":{"line":216,"column":6},"end":{"line":216,"column":86}},"97":{"start":{"line":221,"column":0},"end":{"line":221,"column":24}}},"fnMap":{"0":{"name":"(anonymous_0)","decl":{"start":{"line":16,"column":28},"end":{"line":16,"column":29}},"loc":{"start":{"line":16,"column":37},"end":{"line":18,"column":1}},"line":16},"1":{"name":"(anonymous_1)","decl":{"start":{"line":21,"column":30},"end":{"line":21,"column":31}},"loc":{"start":{"line":21,"column":50},"end":{"line":40,"column":1}},"line":21},"2":{"name":"(anonymous_2)","decl":{"start":{"line":25,"column":37},"end":{"line":25,"column":38}},"loc":{"start":{"line":25,"column":55},"end":{"line":39,"column":3}},"line":25},"3":{"name":"(anonymous_3)","decl":{"start":{"line":43,"column":36},"end":{"line":43,"column":37}},"loc":{"start":{"line":43,"column":60},"end":{"line":75,"column":1}},"line":43},"4":{"name":"(anonymous_4)","decl":{"start":{"line":44,"column":21},"end":{"line":44,"column":22}},"loc":{"start":{"line":44,"column":42},"end":{"line":74,"column":3}},"line":44},"5":{"name":"(anonymous_5)","decl":{"start":{"line":46,"column":39},"end":{"line":46,"column":40}},"loc":{"start":{"line":46,"column":63},"end":{"line":73,"column":5}},"line":46},"6":{"name":"(anonymous_6)","decl":{"start":{"line":63,"column":138},"end":{"line":63,"column":139}},"loc":{"start":{"line":63,"column":147},"end":{"line":69,"column":9}},"line":63},"7":{"name":"(anonymous_7)","decl":{"start":{"line":78,"column":65},"end":{"line":78,"column":66}},"loc":{"start":{"line":78,"column":85},"end":{"line":110,"column":1}},"line":78},"8":{"name":"(anonymous_8)","decl":{"start":{"line":113,"column":44},"end":{"line":113,"column":45}},"loc":{"start":{"line":113,"column":64},"end":{"line":134,"column":1}},"line":113},"9":{"name":"(anonymous_9)","decl":{"start":{"line":137,"column":62},"end":{"line":137,"column":63}},"loc":{"start":{"line":137,"column":82},"end":{"line":161,"column":1}},"line":137},"10":{"name":"(anonymous_10)","decl":{"start":{"line":147,"column":47},"end":{"line":147,"column":48}},"loc":{"start":{"line":147,"column":56},"end":{"line":156,"column":5}},"line":147},"11":{"name":"(anonymous_11)","decl":{"start":{"line":164,"column":61},"end":{"line":164,"column":62}},"loc":{"start":{"line":164,"column":75},"end":{"line":182,"column":1}},"line":164},"12":{"name":"(anonymous_12)","decl":{"start":{"line":172,"column":36},"end":{"line":172,"column":37}},"loc":{"start":{"line":172,"column":54},"end":{"line":181,"column":3}},"line":172},"13":{"name":"(anonymous_13)","decl":{"start":{"line":185,"column":73},"end":{"line":185,"column":74}},"loc":{"start":{"line":185,"column":87},"end":{"line":219,"column":1}},"line":185},"14":{"name":"(anonymous_14)","decl":{"start":{"line":191,"column":50},"end":{"line":191,"column":51}},"loc":{"start":{"line":191,"column":68},"end":{"line":218,"column":3}},"line":191},"15":{"name":"(anonymous_15)","decl":{"start":{"line":208,"column":53},"end":{"line":208,"column":54}},"loc":{"start":{"line":208,"column":62},"end":{"line":217,"column":5}},"line":208}},"branchMap":{"0":{"loc":{"start":{"line":11,"column":8},"end":{"line":11,"column":45}},"type":"binary-expr","locations":[{"start":{"line":11,"column":8},"end":{"line":11,"column":30}},{"start":{"line":11,"column":34},"end":{"line":11,"column":45}}],"line":11},"1":{"loc":{"start":{"line":12,"column":8},"end":{"line":12,"column":38}},"type":"binary-expr","locations":[{"start":{"line":12,"column":8},"end":{"line":12,"column":30}},{"start":{"line":12,"column":34},"end":{"line":12,"column":38}}],"line":12},"2":{"loc":{"start":{"line":26,"column":4},"end":{"line":31,"column":5}},"type":"if","locations":[{"start":{"line":26,"column":4},"end":{"line":31,"column":5}},{"start":{},"end":{}}],"line":26},"3":{"loc":{"start":{"line":33,"column":4},"end":{"line":35,"column":5}},"type":"if","locations":[{"start":{"line":33,"column":4},"end":{"line":35,"column":5}},{"start":{},"end":{}}],"line":33},"4":{"loc":{"start":{"line":47,"column":6},"end":{"line":49,"column":7}},"type":"if","locations":[{"start":{"line":47,"column":6},"end":{"line":49,"column":7}},{"start":{},"end":{}}],"line":47},"5":{"loc":{"start":{"line":51,"column":6},"end":{"line":53,"column":7}},"type":"if","locations":[{"start":{"line":51,"column":6},"end":{"line":53,"column":7}},{"start":{},"end":{}}],"line":51},"6":{"loc":{"start":{"line":64,"column":10},"end":{"line":66,"column":11}},"type":"if","locations":[{"start":{"line":64,"column":10},"end":{"line":66,"column":11}},{"start":{},"end":{}}],"line":64},"7":{"loc":{"start":{"line":81,"column":2},"end":{"line":86,"column":3}},"type":"if","locations":[{"start":{"line":81,"column":2},"end":{"line":86,"column":3}},{"start":{},"end":{}}],"line":81},"8":{"loc":{"start":{"line":94,"column":4},"end":{"line":96,"column":5}},"type":"if","locations":[{"start":{"line":94,"column":4},"end":{"line":96,"column":5}},{"start":{},"end":{}}],"line":94},"9":{"loc":{"start":{"line":118,"column":2},"end":{"line":120,"column":3}},"type":"if","locations":[{"start":{"line":118,"column":2},"end":{"line":120,"column":3}},{"start":{},"end":{}}],"line":118},"10":{"loc":{"start":{"line":148,"column":6},"end":{"line":153,"column":7}},"type":"if","locations":[{"start":{"line":148,"column":6},"end":{"line":153,"column":7}},{"start":{},"end":{}}],"line":148},"11":{"loc":{"start":{"line":173,"column":4},"end":{"line":178,"column":5}},"type":"if","locations":[{"start":{"line":173,"column":4},"end":{"line":178,"column":5}},{"start":{},"end":{}}],"line":173},"12":{"loc":{"start":{"line":192,"column":4},"end":{"line":197,"column":5}},"type":"if","locations":[{"start":{"line":192,"column":4},"end":{"line":197,"column":5}},{"start":{},"end":{}}],"line":192},"13":{"loc":{"start":{"line":199,"column":4},"end":{"line":204,"column":5}},"type":"if","locations":[{"start":{"line":199,"column":4},"end":{"line":204,"column":5}},{"start":{},"end":{}}],"line":199},"14":{"loc":{"start":{"line":209,"column":6},"end":{"line":214,"column":7}},"type":"if","locations":[{"start":{"line":209,"column":6},"end":{"line":214,"column":7}},{"start":{},"end":{}}],"line":209}},"s":{"0":3,"1":3,"2":3,"3":3,"4":3,"5":3,"6":3,"7":3,"8":3,"9":0,"10":3,"11":6,"12":6,"13":6,"14":6,"15":0,"16":6,"17":0,"18":6,"19":6,"20":3,"21":2,"22":2,"23":2,"24":2,"25":0,"26":2,"27":1,"28":1,"29":1,"30":1,"31":0,"32":0,"33":0,"34":0,"35":0,"36":0,"37":1,"38":3,"39":2,"40":2,"41":1,"42":1,"43":1,"44":1,"45":1,"46":1,"47":0,"48":0,"49":0,"50":0,"51":0,"52":0,"53":3,"54":2,"55":2,"56":2,"57":1,"58":1,"59":1,"60":0,"61":0,"62":1,"63":1,"64":3,"65":1,"66":1,"67":1,"68":1,"69":1,"70":1,"71":1,"72":0,"73":1,"74":0,"75":0,"76":3,"77":1,"78":1,"79":1,"80":1,"81":0,"82":1,"83":3,"84":2,"85":2,"86":2,"87":2,"88":2,"89":0,"90":2,"91":1,"92":1,"93":1,"94":1,"95":0,"96":1,"97":3},"f":{"0":0,"1":6,"2":6,"3":2,"4":2,"5":2,"6":0,"7":2,"8":2,"9":1,"10":1,"11":1,"12":1,"13":2,"14":2,"15":1},"b":{"0":[3,0],"1":[3,0],"2":[0,6],"3":[0,6],"4":[0,2],"5":[1,1],"6":[0,0],"7":[1,1],"8":[1,0],"9":[1,1],"10":[0,1],"11":[0,1],"12":[0,2],"13":[1,1],"14":[0,1]},"_coverageSchema":"1a1c01bbd47fc00a2c39e90264f33305004495a9","hash":"4d061dda043b2b930c5c4d81aea66ee88dded7d3"}
}
