TN:
SF:db.js
FN:13,(anonymous_0)
FNF:1
FNH:1
FNDA:3,(anonymous_0)
DA:1,3
DA:2,3
DA:5,3
DA:13,3
DA:14,3
DA:15,0
DA:16,0
DA:18,3
DA:21,3
LF:9
LH:7
BRDA:14,0,0,0
BRDA:14,0,1,3
BRF:2
BRH:1
end_of_record
TN:
SF:index.js
FN:23,(anonymous_0)
FNF:1
FNH:0
FNDA:0,(anonymous_0)
DA:1,3
DA:2,3
DA:5,3
DA:6,3
DA:8,3
DA:11,3
DA:14,3
DA:15,3
DA:18,3
DA:21,3
DA:22,0
DA:23,0
DA:24,0
LF:13
LH:10
BRDA:21,0,0,0
BRDA:21,0,1,3
BRDA:22,1,0,0
BRDA:22,1,1,0
BRF:4
BRH:1
end_of_record
TN:
SF:middleware\verifyToken.js
FN:8,(anonymous_0)
FN:23,(anonymous_1)
FN:42,(anonymous_2)
FNF:3
FNH:3
FNDA:12,(anonymous_0)
FNDA:8,(anonymous_1)
FNDA:8,(anonymous_2)
DA:1,3
DA:2,3
DA:3,3
DA:6,3
DA:8,3
DA:9,12
DA:11,12
DA:12,4
DA:15,8
DA:17,8
DA:18,8
DA:21,8
DA:22,8
DA:23,8
DA:25,8
DA:26,0
DA:30,8
DA:37,8
DA:38,8
DA:39,8
DA:42,8
DA:43,8
DA:44,0
DA:46,8
DA:47,8
DA:50,0
DA:51,0
DA:55,3
LF:28
LH:24
BRDA:11,0,0,4
BRDA:11,0,1,8
BRDA:25,1,0,0
BRDA:25,1,1,8
BRDA:43,2,0,0
BRDA:43,2,1,8
BRF:6
BRH:4
end_of_record
TN:
SF:routes\authRoutes.js
FN:28,(anonymous_0)
FN:67,(anonymous_1)
FN:89,(anonymous_2)
FN:129,(anonymous_3)
FNF:4
FNH:3
FNDA:3,(anonymous_0)
FNDA:1,(anonymous_1)
FNDA:5,(anonymous_2)
FNDA:0,(anonymous_3)
DA:1,3
DA:2,3
DA:3,3
DA:4,3
DA:5,3
DA:6,3
DA:8,3
DA:11,3
DA:14,3
DA:21,3
DA:28,3
DA:29,3
DA:32,3
DA:33,3
DA:35,3
DA:36,1
DA:42,2
DA:58,2
DA:60,2
DA:63,1
DA:66,1
DA:67,1
DA:68,1
DA:69,0
DA:75,1
DA:81,1
DA:89,3
DA:90,5
DA:92,5
DA:101,5
DA:102,5
DA:104,3
DA:106,0
DA:113,3
DA:120,2
DA:121,2
DA:129,3
DA:130,0
DA:132,0
DA:138,0
DA:139,0
DA:140,0
DA:145,0
DA:152,3
LF:44
LH:36
BRDA:35,0,0,1
BRDA:35,0,1,2
BRDA:68,1,0,0
BRDA:68,1,1,1
BRDA:104,2,0,0
BRDA:104,2,1,3
BRDA:123,3,0,2
BRDA:123,3,1,0
BRF:8
BRH:5
end_of_record
TN:
SF:routes\movieRoutes.js
FN:16,(anonymous_0)
FN:21,(anonymous_1)
FN:25,(anonymous_2)
FN:43,(anonymous_3)
FN:44,(anonymous_4)
FN:46,(anonymous_5)
FN:63,(anonymous_6)
FN:78,(anonymous_7)
FN:113,(anonymous_8)
FN:137,(anonymous_9)
FN:147,(anonymous_10)
FN:164,(anonymous_11)
FN:172,(anonymous_12)
FN:185,(anonymous_13)
FN:191,(anonymous_14)
FN:208,(anonymous_15)
FNF:16
FNH:14
FNDA:0,(anonymous_0)
FNDA:6,(anonymous_1)
FNDA:6,(anonymous_2)
FNDA:2,(anonymous_3)
FNDA:2,(anonymous_4)
FNDA:2,(anonymous_5)
FNDA:0,(anonymous_6)
FNDA:2,(anonymous_7)
FNDA:2,(anonymous_8)
FNDA:1,(anonymous_9)
FNDA:1,(anonymous_10)
FNDA:1,(anonymous_11)
FNDA:1,(anonymous_12)
FNDA:2,(anonymous_13)
FNDA:2,(anonymous_14)
FNDA:1,(anonymous_15)
DA:1,3
DA:2,3
DA:3,3
DA:4,3
DA:5,3
DA:6,3
DA:7,3
DA:10,3
DA:16,3
DA:17,0
DA:21,3
DA:22,6
DA:24,6
DA:25,6
DA:26,6
DA:27,0
DA:33,6
DA:34,0
DA:37,6
DA:38,6
DA:43,3
DA:44,2
DA:45,2
DA:46,2
DA:47,2
DA:48,0
DA:51,2
DA:52,1
DA:55,1
DA:57,1
DA:58,1
DA:59,0
DA:62,0
DA:63,0
DA:64,0
DA:65,0
DA:68,0
DA:71,1
DA:78,3
DA:79,2
DA:81,2
DA:83,1
DA:89,1
DA:91,1
DA:93,1
DA:94,1
DA:95,1
DA:99,0
DA:100,0
DA:103,0
DA:105,0
DA:107,0
DA:108,0
DA:113,3
DA:114,2
DA:117,2
DA:118,2
DA:119,1
DA:122,1
DA:124,1
DA:127,0
DA:129,0
DA:131,1
DA:132,1
DA:137,3
DA:138,1
DA:139,1
DA:141,1
DA:143,1
DA:146,1
DA:147,1
DA:148,1
DA:149,0
DA:155,1
DA:158,0
DA:159,0
DA:164,3
DA:165,1
DA:167,1
DA:172,1
DA:173,1
DA:174,0
DA:180,1
DA:185,3
DA:186,2
DA:187,2
DA:190,2
DA:191,2
DA:192,2
DA:193,0
DA:199,2
DA:201,1
DA:207,1
DA:208,1
DA:209,1
DA:210,0
DA:216,1
DA:221,3
LF:98
LH:74
BRDA:11,0,0,3
BRDA:11,0,1,0
BRDA:12,1,0,3
BRDA:12,1,1,0
BRDA:26,2,0,0
BRDA:26,2,1,6
BRDA:33,3,0,0
BRDA:33,3,1,6
BRDA:47,4,0,0
BRDA:47,4,1,2
BRDA:51,5,0,1
BRDA:51,5,1,1
BRDA:64,6,0,0
BRDA:64,6,1,0
BRDA:81,7,0,1
BRDA:81,7,1,1
BRDA:94,8,0,1
BRDA:94,8,1,0
BRDA:118,9,0,1
BRDA:118,9,1,1
BRDA:148,10,0,0
BRDA:148,10,1,1
BRDA:173,11,0,0
BRDA:173,11,1,1
BRDA:192,12,0,0
BRDA:192,12,1,2
BRDA:199,13,0,1
BRDA:199,13,1,1
BRDA:209,14,0,0
BRDA:209,14,1,1
BRF:30
BRH:18
end_of_record
